0 info it worked if it ends with ok
1 verbose cli [ '/home/ubuntu/.nvm/versions/node/v6.11.2/bin/node',
1 verbose cli   '/home/ubuntu/.nvm/versions/node/v6.11.2/bin/npm',
1 verbose cli   'run',
1 verbose cli   'deploy' ]
2 info using npm@3.10.10
3 info using node@v6.11.2
4 verbose run-script [ 'predeploy', 'deploy', 'postdeploy' ]
5 info lifecycle react-redux-router@1.0.0~predeploy: react-redux-router@1.0.0
6 verbose lifecycle react-redux-router@1.0.0~predeploy: unsafe-perm in lifecycle true
7 verbose lifecycle react-redux-router@1.0.0~predeploy: PATH: /home/ubuntu/.nvm/versions/node/v6.11.2/lib/node_modules/npm/bin/node-gyp-bin:/home/ubuntu/workspace/Talmage_project/node_modules/.bin:/home/ubuntu/.nvm/versions/node/v6.11.2/bin:/usr/local/rvm/gems/ruby-2.4.0/bin:/usr/local/rvm/gems/ruby-2.4.0@global/bin:/usr/local/rvm/rubies/ruby-2.4.0/bin:/mnt/shared/bin:/home/ubuntu/workspace/node_modules/.bin:/home/ubuntu/bin:/usr/local/sbin:/usr/local/bin:/usr/sbin:/usr/bin:/sbin:/bin:/mnt/shared/sbin:/opt/gitl:/opt/go/bin:/mnt/shared/c9/app.nw/bin:/usr/local/rvm/bin
8 verbose lifecycle react-redux-router@1.0.0~predeploy: CWD: /home/ubuntu/workspace/Talmage_project
9 silly lifecycle react-redux-router@1.0.0~predeploy: Args: [ '-c', 'npm run build' ]
10 silly lifecycle react-redux-router@1.0.0~predeploy: Returned: code: 0  signal: null
11 info lifecycle react-redux-router@1.0.0~deploy: react-redux-router@1.0.0
12 verbose lifecycle react-redux-router@1.0.0~deploy: unsafe-perm in lifecycle true
13 verbose lifecycle react-redux-router@1.0.0~deploy: PATH: /home/ubuntu/.nvm/versions/node/v6.11.2/lib/node_modules/npm/bin/node-gyp-bin:/home/ubuntu/workspace/Talmage_project/node_modules/.bin:/home/ubuntu/.nvm/versions/node/v6.11.2/bin:/usr/local/rvm/gems/ruby-2.4.0/bin:/usr/local/rvm/gems/ruby-2.4.0@global/bin:/usr/local/rvm/rubies/ruby-2.4.0/bin:/mnt/shared/bin:/home/ubuntu/workspace/node_modules/.bin:/home/ubuntu/bin:/usr/local/sbin:/usr/local/bin:/usr/sbin:/usr/bin:/sbin:/bin:/mnt/shared/sbin:/opt/gitl:/opt/go/bin:/mnt/shared/c9/app.nw/bin:/usr/local/rvm/bin
14 verbose lifecycle react-redux-router@1.0.0~deploy: CWD: /home/ubuntu/workspace/Talmage_project
15 silly lifecycle react-redux-router@1.0.0~deploy: Args: [ '-c', 'gh-pages -d build' ]
16 info lifecycle react-redux-router@1.0.0~deploy: Failed to exec deploy script
17 verbose stack Error: react-redux-router@1.0.0 deploy: `gh-pages -d build`
17 verbose stack spawn ENOENT
17 verbose stack     at ChildProcess.<anonymous> (/home/ubuntu/.nvm/versions/node/v6.11.2/lib/node_modules/npm/lib/utils/spawn.js:33:16)
17 verbose stack     at emitTwo (events.js:106:13)
17 verbose stack     at ChildProcess.emit (events.js:191:7)
17 verbose stack     at maybeClose (internal/child_process.js:891:16)
17 verbose stack     at Process.ChildProcess._handle.onexit (internal/child_process.js:226:5)
18 verbose pkgid react-redux-router@1.0.0
19 verbose cwd /home/ubuntu/workspace/Talmage_project
20 error Linux 4.9.120-c9
21 error argv "/home/ubuntu/.nvm/versions/node/v6.11.2/bin/node" "/home/ubuntu/.nvm/versions/node/v6.11.2/bin/npm" "run" "deploy"
22 error node v6.11.2
23 error npm  v3.10.10
24 error file sh
25 error code ELIFECYCLE
26 error errno ENOENT
27 error syscall spawn
28 error react-redux-router@1.0.0 deploy: `gh-pages -d build`
28 error spawn ENOENT
29 error Failed at the react-redux-router@1.0.0 deploy script 'gh-pages -d build'.
29 error Make sure you have the latest version of node.js and npm installed.
29 error If you do, this is most likely a problem with the react-redux-router package,
29 error not with npm itself.
29 error Tell the author that this fails on your system:
29 error     gh-pages -d build
29 error You can get information on how to open an issue for this project with:
29 error     npm bugs react-redux-router
29 error Or if that isn't available, you can get their info via:
29 error     npm owner ls react-redux-router
29 error There is likely additional logging output above.
30 verbose exit [ 1, true ]
